== Crawling list pages 1..21 ==
page 1: 12 links (12 new)
page 2: 12 links (12 new)
page 3: 12 links (12 new)
page 4: 12 links (12 new)
page 5: 12 links (12 new)
page 6: 12 links (12 new)
page 7: 12 links (12 new)
page 8: 12 links (12 new)
page 9: 12 links (12 new)
page 10: 12 links (12 new)
page 11: 12 links (12 new)
page 12: 12 links (12 new)
page 13: 12 links (12 new)
page 14: 12 links (12 new)
page 15: 12 links (12 new)
page 16: 12 links (12 new)
page 17: 12 links (12 new)
page 18: 12 links (12 new)
page 19: 12 links (12 new)
page 20: 12 links (12 new)
page 21: 9 links (9 new)

Found 249 unique profile URLs.

== Crawling detail pages ==
  [1] ngo-thi-kim-yen: socials=2 portfolio=2 avatar=y
  [2] linh-baeli: socials=3 portfolio=4 avatar=y
  [3] nhan-phuong-chi-xu: socials=2 portfolio=4 avatar=y
  [4] bu-ne: socials=2 portfolio=2 avatar=y
  [5] hat-tieu-foodie: socials=2 portfolio=2 avatar=y
  [6] quynh-tran-ne: socials=2 portfolio=4 avatar=y
  [7] nha-hieu-review: socials=1 portfolio=0 avatar=y
  [8] meembeshin: socials=2 portfolio=0 avatar=y
  [9] medaureview078: socials=3 portfolio=0 avatar=y
  [10] simple-man: socials=2 portfolio=0 avatar=y
  [11] gia-dinh-mat-hi: socials=1 portfolio=0 avatar=y
  [12] duc-va-ly: socials=4 portfolio=3 avatar=y
  [13] di-di: socials=2 portfolio=3 avatar=y
  [14] chi-ho-vlog: socials=3 portfolio=4 avatar=y
  [15] duong-jin: socials=3 portfolio=4 avatar=y
  [16] le-kha-duy: socials=3 portfolio=4 avatar=y
  [17] yul-daily: socials=2 portfolio=4 avatar=y
  [18] ha-cookie: socials=3 portfolio=4 avatar=y
  [19] hanyone: socials=3 portfolio=4 avatar=y
  [20] me-chang-va-bap: socials=1 portfolio=0 avatar=y
  [21] nhamomtuyen: socials=2 portfolio=0 avatar=y
  [22] phuong-quynh-me-gau%f0%9f%90%bbvani%f0%9f%8d%a6: socials=3 portfolio=0 avatar=y
  [23] mebaoboi93: socials=2 portfolio=0 avatar=y
  [24] tieu-ngoc: socials=3 portfolio=2 avatar=y
  [25] cim-ngan: socials=2 portfolio=0 avatar=y
  [26] ridung-iuoilaiu: socials=2 portfolio=0 avatar=y
  [27] tuan-anh-le: socials=2 portfolio=0 avatar=y
  [28] thau-di-dau: socials=4 portfolio=0 avatar=y
  [29] lie-makeup: socials=4 portfolio=2 avatar=y
  [30] mim-chong: socials=4 portfolio=0 avatar=y
  [31] hach-lien-tu-nguyet: socials=4 portfolio=2 avatar=y
  [32] review-cung-bum: socials=2 portfolio=0 avatar=y
  [33] me-ho: socials=1 portfolio=0 avatar=y
  [34] khanh-van: socials=3 portfolio=0 avatar=y
  [35] phi-yen-pham: socials=3 portfolio=0 avatar=y
  [36] tu-thuy-review: socials=3 portfolio=0 avatar=y
  [37] an-di-an: socials=3 portfolio=0 avatar=y
  [38] doan-quoc-ha-nhi: socials=3 portfolio=0 avatar=y
  [39] anh-tuyet-yen-nhi: socials=3 portfolio=2 avatar=y
  [40] chill-with-dan: socials=4 portfolio=2 avatar=y
  [41] truc-quynh-junmi: socials=4 portfolio=2 avatar=y
  [42] yoshi-vu: socials=3 portfolio=2 avatar=y
  [43] thin-duc: socials=3 portfolio=2 avatar=y
  [44] linhsieuxinh: socials=2 portfolio=0 avatar=y
  [45] ly-pham: socials=4 portfolio=0 avatar=y
  [46] dumi: socials=3 portfolio=2 avatar=y
  [47] sammy: socials=2 portfolio=0 avatar=y
  [48] quyenleodaily: socials=4 portfolio=0 avatar=y
  [49] yen-thich-review: socials=6 portfolio=0 avatar=y
  [50] hy-khi-duong-duong: socials=4 portfolio=0 avatar=y
  [51] hong-anh: socials=3 portfolio=0 avatar=y
  [52] baby-tra-sua: socials=3 portfolio=0 avatar=y
  [53] em-be-noi-tieng-anh-minhee: socials=3 portfolio=0 avatar=y
  [54] mam-non-giai-tri: socials=4 portfolio=0 avatar=y
  [55] inlil-chang-nguyen: socials=4 portfolio=0 avatar=y
  [56] doan-van-anh: socials=2 portfolio=0 avatar=y
  [57] quynh-nhi: socials=4 portfolio=0 avatar=y
  [58] hong-khanh: socials=3 portfolio=0 avatar=y
  [59] hoang-kim-chi: socials=3 portfolio=0 avatar=y
  [60] me-bim-mio: socials=1 portfolio=0 avatar=y
  [61] me-kem-review: socials=1 portfolio=0 avatar=y
  [62] blacki-d: socials=3 portfolio=0 avatar=y
  [63] quynh-thi: socials=4 portfolio=0 avatar=y
  [64] lou-le: socials=3 portfolio=0 avatar=y
  [65] yen-dan: socials=3 portfolio=0 avatar=y
  [66] nhan-di-an: socials=4 portfolio=0 avatar=y
  [67] ong-anh-thich-nau-an: socials=4 portfolio=0 avatar=y
  [68] babykopo-home: socials=4 portfolio=0 avatar=y
  [69] saigon-tastes: socials=1 portfolio=0 avatar=y
  [70] sonnhi: socials=1 portfolio=0 avatar=y
  [71] phomai-an-ramen: socials=1 portfolio=0 avatar=y
  [72] yoohee-beauty: socials=2 portfolio=0 avatar=y
  [73] miu-linh: socials=3 portfolio=0 avatar=y
  [74] ba-chua-review: socials=2 portfolio=0 avatar=y
  [75] dia-diem-an-uong: socials=1 portfolio=0 avatar=y
  [76] huyen-tu: socials=3 portfolio=0 avatar=y
  [77] di-dau-nao: socials=2 portfolio=0 avatar=y
  [78] hanbow-beauty: socials=2 portfolio=0 avatar=y
  [79] ha-noi-an-gi: socials=2 portfolio=0 avatar=y
  [80] bui-thi-kim-luyen: socials=1 portfolio=0 avatar=y
  [81] __trashed-3: socials=2 portfolio=0 avatar=y
  [82] vy-pinky: socials=1 portfolio=0 avatar=y
  [83] hazen: socials=2 portfolio=0 avatar=y
  [84] dung-amy: socials=2 portfolio=0 avatar=y
  [85] nha-cua-bi: socials=2 portfolio=0 avatar=y
  [86] thu-uyen: socials=1 portfolio=0 avatar=y
  [87] hoang-thi-phuong-thao: socials=2 portfolio=0 avatar=y
  [88] trinh-thi-my-le: socials=3 portfolio=0 avatar=y
  [89] gia-dinh-mat-mat: socials=1 portfolio=0 avatar=y
  [90] huyen-nguyen-hmeuu: socials=3 portfolio=0 avatar=y
  [91] tuyen-pham-family: socials=1 portfolio=0 avatar=y
  [92] thu-nhi-eat-clean-hong: socials=4 portfolio=0 avatar=y
  [93] eatwhning: socials=3 portfolio=0 avatar=y
  [94] meily: socials=1 portfolio=0 avatar=y
  [95] thanh-lan: socials=2 portfolio=0 avatar=y
  [96] hai-wanderlust: socials=3 portfolio=0 avatar=y
  [97] ng-le-thu-thuy: socials=2 portfolio=0 avatar=y
  [98] di-cung-thy: socials=3 portfolio=0 avatar=y
  [99] pham-ha-phuong-thao: socials=3 portfolio=0 avatar=y
  [100] sak-food-an-gi-choi-gi: socials=4 portfolio=0 avatar=y
  [101] nghia-tinon: socials=2 portfolio=0 avatar=y
  [102] quin-vu-thuy-quynh: socials=4 portfolio=0 avatar=y
  [103] henry-tran: socials=2 portfolio=0 avatar=y
  [104] fancy-with-trang: socials=3 portfolio=0 avatar=y
  [105] lee-hay-di: socials=3 portfolio=0 avatar=y
  [106] doan-thanh-ngan: socials=2 portfolio=0 avatar=y
  [107] nguyen-thoai-nghi: socials=3 portfolio=0 avatar=y
  [108] quynh-go: socials=3 portfolio=0 avatar=y
  [109] tran-oanh: socials=2 portfolio=0 avatar=y
  [110] ngoc-gemma: socials=3 portfolio=0 avatar=y
  [111] quynh-nguyen: socials=2 portfolio=0 avatar=y
  [112] nguyen-bich-ngoc: socials=1 portfolio=0 avatar=y
  [113] ngan-ngan: socials=4 portfolio=0 avatar=y
  [114] tien-anh: socials=1 portfolio=0 avatar=y
  [115] tinh-tim-toi: socials=4 portfolio=0 avatar=y
  [116] ngoc-tu-anh: socials=3 portfolio=0 avatar=y
  [117] an-choi-dieu-nghe: socials=1 portfolio=0 avatar=y
  [118] huong-thu-do: socials=1 portfolio=0 avatar=y
  [119] bui-my-anh: socials=3 portfolio=0 avatar=y
  [120] muong-ne: socials=2 portfolio=0 avatar=y
  [121] mam-mam-sai-gon: socials=2 portfolio=0 avatar=y
  [122] an-ngon-cung-nhi: socials=2 portfolio=0 avatar=y
  [123] dan-quynh: socials=1 portfolio=0 avatar=y
  [124] hahimue: socials=3 portfolio=0 avatar=y
  [125] thao-quyen: socials=3 portfolio=0 avatar=y
  [126] ngoc-diep-truong: socials=1 portfolio=0 avatar=y
  [127] tran-ha-bao-ngan: socials=3 portfolio=0 avatar=y
  [128] phan-quynh-trang: socials=2 portfolio=0 avatar=y
  [129] van-pham: socials=3 portfolio=4 avatar=y
  [130] ngoc-thanh: socials=1 portfolio=0 avatar=y
  [131] glambaby: socials=2 portfolio=0 avatar=y
  [132] nguyen-mai-lien: socials=1 portfolio=0 avatar=y
  [133] changyeuamnhac: socials=3 portfolio=0 avatar=y
  [134] ngoc-lan-lan: socials=1 portfolio=0 avatar=y
  [135] dong-co-anh: socials=2 portfolio=0 avatar=y
  [136] phuong-quynh: socials=2 portfolio=0 avatar=y
  [137] huong-xuhi: socials=2 portfolio=0 avatar=y
  [138] me-ri-daily: socials=2 portfolio=0 avatar=y
  [139] truong-dinh: socials=2 portfolio=0 avatar=y
  [140] phuong-linh: socials=2 portfolio=0 avatar=y
  [141] chang-shu-go: socials=3 portfolio=0 avatar=y
  [142] linh-lung-ling: socials=3 portfolio=0 avatar=y
  [143] hong-nhung: socials=3 portfolio=0 avatar=y
  [144] goc-nha-beo: socials=2 portfolio=0 avatar=y
  [145] thao-mai: socials=3 portfolio=0 avatar=y
  [146] emlyreview: socials=4 portfolio=0 avatar=y
  [147] can-quet-sai-gon: socials=4 portfolio=0 avatar=y
  [148] tieu-man-thau: socials=4 portfolio=0 avatar=y
  [149] minn-cookie: socials=3 portfolio=0 avatar=y
  [150] chau-muoi: socials=4 portfolio=0 avatar=y
  [151] tammy: socials=3 portfolio=0 avatar=y
  [152] nha-banh-kem: socials=2 portfolio=0 avatar=y
  [153] tron-mama: socials=3 portfolio=0 avatar=y
  [154] hukha: socials=4 portfolio=0 avatar=y
  [155] gia-dinh-gau-be-ti: socials=2 portfolio=0 avatar=y
  [156] dua-hau-hau: socials=3 portfolio=0 avatar=y
  [157] chuyen-nha-chuoi: socials=3 portfolio=0 avatar=y
  [158] hong-ngoc-van: socials=2 portfolio=0 avatar=y
  [159] ca-map-du: socials=1 portfolio=0 avatar=y
  [160] nguyen-minh-anh: socials=2 portfolio=0 avatar=y
  [161] di-an-thoi: socials=2 portfolio=0 avatar=y
  [162] long-an-gi: socials=1 portfolio=0 avatar=y
  [163] tikka-hoang-hien: socials=3 portfolio=0 avatar=y
  [164] naky-di-an: socials=2 portfolio=0 avatar=y
  [165] mo-khoet-ha-noi: socials=4 portfolio=0 avatar=y
  [166] nay-phanh-review: socials=3 portfolio=0 avatar=y
  [167] an-sap-ha-noi: socials=3 portfolio=0 avatar=y
  [168] len-ky-cung-khoa: socials=4 portfolio=0 avatar=y
  [169] vi-may: socials=4 portfolio=0 avatar=y
  [170] cuoi: socials=4 portfolio=0 avatar=y
  [171] tieu-di-chill: socials=3 portfolio=0 avatar=y
  [172] foxie: socials=4 portfolio=0 avatar=y
  [173] me-chang-oi-con-doi: socials=2 portfolio=0 avatar=y
  [174] mai-anh-dao: socials=4 portfolio=0 avatar=y
  [175] con-la-suon-thui: socials=2 portfolio=0 avatar=y
  [176] vi-thanh-le: socials=3 portfolio=0 avatar=y
  [177] me-otis: socials=2 portfolio=0 avatar=y
  [178] ho-kim-nhien: socials=2 portfolio=0 avatar=y
  [179] phuong-dung: socials=1 portfolio=0 avatar=y
  [180] quynh-abi: socials=4 portfolio=0 avatar=y
  [181] nha-dua-co-gi-the: socials=2 portfolio=0 avatar=y
  [182] ely-it-clean: socials=2 portfolio=0 avatar=y
  [183] tebefood: socials=4 portfolio=0 avatar=y
  [184] trang-tam: socials=2 portfolio=0 avatar=y
  [185] me-phich: socials=2 portfolio=0 avatar=y
  [186] lan-cung-nuchuu: socials=4 portfolio=0 avatar=y
  [187] chan-healthy: socials=2 portfolio=0 avatar=y
  [188] gia-dinh-bi-ngo-day: socials=2 portfolio=0 avatar=y
  [189] emlyy: socials=3 portfolio=0 avatar=y
  [190] nguyen-hai-yen: socials=2 portfolio=0 avatar=y
  [191] phan-nu-uyen-nhi: socials=4 portfolio=0 avatar=y
  [192] chuyen-nha-linh-bi: socials=4 portfolio=0 avatar=y
  [193] ngoc-khanh-day: socials=3 portfolio=0 avatar=y
  [194] banh-bao-xin-chao: socials=4 portfolio=0 avatar=y
  [195] vinh-thich-an-ngon: socials=5 portfolio=0 avatar=y
  [196] quan-khong-go: socials=3 portfolio=0 avatar=y
  [197] khanh-ngan-2: socials=1 portfolio=0 avatar=y
  [198] fansie-family: socials=3 portfolio=0 avatar=y
  [199] phan-family: socials=4 portfolio=0 avatar=y
  [200] nguyen-ngoc: socials=1 portfolio=0 avatar=y
  [201] linh-barbie: socials=5 portfolio=0 avatar=y
  [202] nha-bong-bong: socials=1 portfolio=0 avatar=y
  [203] phuong-nhat: socials=1 portfolio=0 avatar=y
  [204] my-nguyen: socials=1 portfolio=0 avatar=y
  [205] lykyo-review: socials=2 portfolio=0 avatar=y
  [206] minh-anh-hitthatbulletjournal: socials=2 portfolio=0 avatar=y
  [207] thung-long-family: socials=3 portfolio=0 avatar=y
  [208] co-moon-beauty: socials=1 portfolio=0 avatar=y
  [209] phuong-doan-ri-viu: socials=2 portfolio=0 avatar=y
  [210] salim: socials=3 portfolio=0 avatar=y
  [211] bich-ngoc: socials=3 portfolio=0 avatar=y
  [212] luna-dao: socials=4 portfolio=0 avatar=y
  [213] quynh-xinh: socials=2 portfolio=0 avatar=y
  [214] dan-tam: socials=2 portfolio=0 avatar=y
  [215] chau-kim-cuong: socials=2 portfolio=0 avatar=y
  [216] hannah-olala: socials=4 portfolio=0 avatar=y
  [217] doan-kim-anh: socials=3 portfolio=0 avatar=y
  [218] 1195: socials=2 portfolio=0 avatar=y
  [219] sin-nguyen: socials=3 portfolio=0 avatar=y
  [220] dang-thanh-hoai: socials=2 portfolio=0 avatar=y
  [221] anh-chong-ngoan: socials=2 portfolio=0 avatar=y
  [222] chuyen-nha-dau: socials=4 portfolio=0 avatar=y
  [223] 1168: socials=2 portfolio=0 avatar=y
  [224] neyun: socials=3 portfolio=0 avatar=y
  [225] 1149: socials=2 portfolio=0 avatar=y
  [226] tra-va-troc: socials=4 portfolio=0 avatar=y
  [227] bac-si-hanh: socials=3 portfolio=0 avatar=y
  [228] phan-the-anh: socials=4 portfolio=0 avatar=y
  [229] quyen-doan-me-min-cam: socials=2 portfolio=0 avatar=y
  [230] thay-nhan-pantv: socials=4 portfolio=0 avatar=y
  [231] ca-nuong-kieu-anh: socials=3 portfolio=0 avatar=y
  [232] ping-le: socials=4 portfolio=0 avatar=y
  [233] soanh-va-diep: socials=5 portfolio=0 avatar=y
  [234] ngoc-eng: socials=4 portfolio=0 avatar=y
  [235] man-tien: socials=4 portfolio=0 avatar=y
  [236] gia-dinh-hanna: socials=2 portfolio=0 avatar=y
  [237] nguyen-thi-kim-xuyen: socials=5 portfolio=0 avatar=y
  [238] le-thi-kieu-trang-gia-dinh-nha-su: socials=3 portfolio=0 avatar=y
  [239] melon: socials=2 portfolio=0 avatar=y
  [240] gia-dinh-cam-cam: socials=6 portfolio=0 avatar=y
  [241] gia-dinh-truyen-hinh: socials=4 portfolio=0 avatar=y
  [242] nguyen-ly-diem-mai: socials=3 portfolio=0 avatar=y
  [243] trinh-pham: socials=4 portfolio=0 avatar=y
  [244] le-bong: socials=4 portfolio=0 avatar=y
  [245] letsplaymakeup: socials=4 portfolio=0 avatar=y
  [246] mc-duc-bao: socials=2 portfolio=0 avatar=y
  [247] trang-lou: socials=4 portfolio=0 avatar=y
  [248] han-hang: socials=3 portfolio=0 avatar=y
  [249] diep-le: socials=4 portfolio=0 avatar=y

Wrote C:\Users\win11\Desktop\dungmai\kol-booking-backend\crawler\data\kols.json — 249 KOL, 669 social channels, 70 portfolio items, 249 avatars on disk.
